<?xml version="1.0" encoding="UTF-8"?>
<!-- Generated by org.testng.reporters.JUnitReportReporter -->
<testsuite hostname="DESKTOP-J4GNHK5" failures="0" tests="1" name="com.Actitime.Generic.Baseclass" time="18.655" errors="0" timestamp="2022-12-01T14:03:10 IST" skipped="0">
  <testcase classname="com.Actitime.Generic.Baseclass" name="createCustomer" time="18.655"/>
  <system-out>
    <![CDATA[dhgfhjsd]]>
  </system-out>
</testsuite> <!-- com.Actitime.Generic.Baseclass -->
