<?xml version="1.0" encoding="UTF-8"?>
<!-- Generated by org.testng.reporters.JUnitReportReporter -->
<testsuite hostname="DESKTOP-J4GNHK5" failures="0" tests="1" name="com.Actitime.testscript.Screenshot" time="10.956" errors="0" timestamp="2022-11-25T10:40:12 IST" skipped="0">
  <testcase classname="com.Actitime.testscript.Screenshot" name="getScreenshot" time="10.956"/>
  <system-out/>
</testsuite> <!-- com.Actitime.testscript.Screenshot -->
